{"numTotalTestSuites":6,"numPassedTestSuites":5,"numFailedTestSuites":1,"numPendingTestSuites":0,"numTotalTests":10,"numPassedTests":10,"numFailedTests":0,"numPendingTests":0,"numTodoTests":0,"snapshot":{"added":0,"failure":false,"filesAdded":0,"filesRemoved":0,"filesRemovedList":[],"filesUnmatched":0,"filesUpdated":0,"matched":0,"total":0,"unchecked":0,"uncheckedKeysByFile":[],"unmatched":0,"updated":0,"didUpdate":false},"startTime":1763631469489,"success":false,"testResults":[{"assertionResults":[],"startTime":1763631469489,"endTime":1763631469489,"status":"failed","message":"[vitest] There was an error when mocking a module. If you are using \"vi.mock\" factory, make sure there are no top level variables inside, since this call is hoisted to top of the file. Read more: https://vitest.dev/api/vi.html#vi-mock","name":"D:/DUVOX LABS/SOFTWARES/TEAM MANAGEMENT SOFTWARE/TRACK BOSS AI/ORBIT LIVE AI TEAM MANAGEMENT (PUBLIC)/project/src/App.test.tsx"},{"assertionResults":[{"ancestorTitles":["Authentication Middleware","authenticate"],"fullName":"Authentication Middleware authenticate should reject request without Authorization header","status":"passed","title":"should reject request without Authorization header","duration":11.134500000000116,"failureMessages":[],"meta":{}},{"ancestorTitles":["Authentication Middleware","authenticate"],"fullName":"Authentication Middleware authenticate should reject request with invalid token format","status":"passed","title":"should reject request with invalid token format","duration":0.8546000000005733,"failureMessages":[],"meta":{}},{"ancestorTitles":["Authentication Middleware","authenticate"],"fullName":"Authentication Middleware authenticate should reject request with invalid token","status":"passed","title":"should reject request with invalid token","duration":1.3619999999991705,"failureMessages":[],"meta":{}},{"ancestorTitles":["Authentication Middleware","authenticate"],"fullName":"Authentication Middleware authenticate should accept valid token and attach user to request","status":"passed","title":"should accept valid token and attach user to request","duration":2.5120000000006257,"failureMessages":[],"meta":{}},{"ancestorTitles":["Authentication Middleware","requireRole"],"fullName":"Authentication Middleware requireRole should reject request without user","status":"passed","title":"should reject request without user","duration":0.821100000000115,"failureMessages":[],"meta":{}},{"ancestorTitles":["Authentication Middleware","requireRole"],"fullName":"Authentication Middleware requireRole should reject user without required role","status":"passed","title":"should reject user without required role","duration":0.5590000000001965,"failureMessages":[],"meta":{}},{"ancestorTitles":["Authentication Middleware","requireRole"],"fullName":"Authentication Middleware requireRole should accept user with required role","status":"passed","title":"should accept user with required role","duration":0.3532999999997628,"failureMessages":[],"meta":{}},{"ancestorTitles":["Authentication Middleware","requireWorkspaceMember"],"fullName":"Authentication Middleware requireWorkspaceMember should reject request without workspaceId","status":"passed","title":"should reject request without workspaceId","duration":0.5288999999993393,"failureMessages":[],"meta":{}},{"ancestorTitles":["Authentication Middleware","requireWorkspaceMember"],"fullName":"Authentication Middleware requireWorkspaceMember should reject user not member of workspace","status":"passed","title":"should reject user not member of workspace","duration":1.025499999999738,"failureMessages":[],"meta":{}},{"ancestorTitles":["Authentication Middleware","requireWorkspaceMember"],"fullName":"Authentication Middleware requireWorkspaceMember should accept workspace member","status":"passed","title":"should accept workspace member","duration":1.2265999999999622,"failureMessages":[],"meta":{}}],"startTime":1763631475630,"endTime":1763631475651.2266,"status":"passed","message":"","name":"D:/DUVOX LABS/SOFTWARES/TEAM MANAGEMENT SOFTWARE/TRACK BOSS AI/ORBIT LIVE AI TEAM MANAGEMENT (PUBLIC)/project/server/middleware/__tests__/auth.test.ts"}]}